2021-12-05 22:06:40 [bus_info_logger] DEBUG:  Debug message
2021-12-05 22:06:40 [bus_info_logger] INFO:  Info message
2021-12-05 22:06:40 [bus_info_logger] WARNING:  Warning message
2021-12-05 22:06:40 [bus_info_logger] ERROR:  Error message
2021-12-05 22:06:40 [bus_info_logger] CRITICAL:  Fatal message
2021-12-05 22:06:40 [scrapy.utils.log] INFO:  Scrapy 2.5.1 started (bot: comps_scraper)
2021-12-05 22:06:40 [scrapy.utils.log] INFO:  Versions: lxml 4.6.4.0, libxml2 2.9.5, cssselect 1.1.0, parsel 1.6.0, w3lib 1.22.0, Twisted 21.7.0, Python 3.7.7 (tags/v3.7.7:d7c567b08f, Mar 10 2020, 10:41:24) [MSC v.1900 64 bit (AMD64)], pyOpenSSL 21.0.0 (OpenSSL 1.1.1l  24 Aug 2021), cryptography 36.0.0, Platform Windows-10-10.0.19041-SP0
2021-12-05 22:06:40 [scrapy.utils.log] DEBUG:  Using reactor: twisted.internet.selectreactor.SelectReactor
2021-12-05 22:07:27 [bus_info_logger] DEBUG:  Debug message
2021-12-05 22:07:27 [bus_info_logger] INFO:  Info message
2021-12-05 22:07:27 [bus_info_logger] WARNING:  Warning message
2021-12-05 22:07:27 [bus_info_logger] ERROR:  Error message
2021-12-05 22:07:27 [bus_info_logger] CRITICAL:  Fatal message
2021-12-05 22:07:27 [scrapy.utils.log] INFO:  Scrapy 2.5.1 started (bot: comps_scraper)
2021-12-05 22:07:27 [scrapy.utils.log] INFO:  Versions: lxml 4.6.4.0, libxml2 2.9.5, cssselect 1.1.0, parsel 1.6.0, w3lib 1.22.0, Twisted 21.7.0, Python 3.7.7 (tags/v3.7.7:d7c567b08f, Mar 10 2020, 10:41:24) [MSC v.1900 64 bit (AMD64)], pyOpenSSL 21.0.0 (OpenSSL 1.1.1l  24 Aug 2021), cryptography 36.0.0, Platform Windows-10-10.0.19041-SP0
2021-12-05 22:07:27 [scrapy.utils.log] DEBUG:  Using reactor: twisted.internet.selectreactor.SelectReactor
2021-12-05 22:08:04 [bus_info_logger] DEBUG:  Debug message
2021-12-05 22:08:04 [bus_info_logger] INFO:  Info message
2021-12-05 22:08:04 [bus_info_logger] WARNING:  Warning message
2021-12-05 22:08:04 [bus_info_logger] ERROR:  Error message
2021-12-05 22:08:04 [bus_info_logger] CRITICAL:  Fatal message
2021-12-05 22:08:04 [scrapy.utils.log] INFO:  Scrapy 2.5.1 started (bot: comps_scraper)
2021-12-05 22:08:04 [scrapy.utils.log] INFO:  Versions: lxml 4.6.4.0, libxml2 2.9.5, cssselect 1.1.0, parsel 1.6.0, w3lib 1.22.0, Twisted 21.7.0, Python 3.7.7 (tags/v3.7.7:d7c567b08f, Mar 10 2020, 10:41:24) [MSC v.1900 64 bit (AMD64)], pyOpenSSL 21.0.0 (OpenSSL 1.1.1l  24 Aug 2021), cryptography 36.0.0, Platform Windows-10-10.0.19041-SP0
2021-12-05 22:08:04 [scrapy.utils.log] DEBUG:  Using reactor: twisted.internet.selectreactor.SelectReactor
2021-12-05 22:08:04 [scrapy.crawler] INFO:  Overridden settings:
{'BOT_NAME': 'comps_scraper',
 'LOG_LEVEL': 'INFO',
 'NEWSPIDER_MODULE': 'comps_scraper.spiders',
 'SPIDER_MODULES': ['comps_scraper.spiders']}
2021-12-05 22:08:04 [scrapy.extensions.telnet] INFO:  Telnet Password: e02c5c60d227cbc8
2021-12-05 22:08:04 [scrapy.middleware] INFO:  Enabled extensions:
['scrapy.extensions.corestats.CoreStats',
 'scrapy.extensions.telnet.TelnetConsole',
 'scrapy.extensions.logstats.LogStats']
2021-12-05 22:08:04 [scrapy.middleware] INFO:  Enabled downloader middlewares:
['scrapy.downloadermiddlewares.httpauth.HttpAuthMiddleware',
 'scrapy.downloadermiddlewares.downloadtimeout.DownloadTimeoutMiddleware',
 'scrapy.downloadermiddlewares.defaultheaders.DefaultHeadersMiddleware',
 'scrapy.downloadermiddlewares.useragent.UserAgentMiddleware',
 'scrapy.downloadermiddlewares.retry.RetryMiddleware',
 'scrapy.downloadermiddlewares.redirect.MetaRefreshMiddleware',
 'scrapy.downloadermiddlewares.httpcompression.HttpCompressionMiddleware',
 'scrapy.downloadermiddlewares.redirect.RedirectMiddleware',
 'scrapy.downloadermiddlewares.cookies.CookiesMiddleware',
 'scrapy.downloadermiddlewares.httpproxy.HttpProxyMiddleware',
 'scrapy.downloadermiddlewares.stats.DownloaderStats']
2021-12-05 22:08:04 [scrapy.middleware] INFO:  Enabled spider middlewares:
['scrapy.spidermiddlewares.httperror.HttpErrorMiddleware',
 'scrapy.spidermiddlewares.offsite.OffsiteMiddleware',
 'scrapy.spidermiddlewares.referer.RefererMiddleware',
 'scrapy.spidermiddlewares.urllength.UrlLengthMiddleware',
 'scrapy.spidermiddlewares.depth.DepthMiddleware']
2021-12-05 22:08:04 [scrapy.middleware] INFO:  Enabled item pipelines:
['comps_scraper.pipelines.CompsScraperPipeline']
2021-12-05 22:08:04 [scrapy.core.engine] INFO:  Spider opened
2021-12-05 22:08:04 [scrapy.extensions.logstats] INFO:  Crawled 0 pages (at 0 pages/min), scraped 0 items (at 0 items/min)
2021-12-05 22:08:04 [scrapy.extensions.telnet] INFO:  Telnet console listening on 127.0.0.1:6023
2021-12-05 22:08:05 [scrapy.downloadermiddlewares.redirect] DEBUG:  Redirecting (302) to <GET https://virk.queue-it.net/?c=virk&e=loadbalancer&ver=v3-lua-3.6.1&kupver=Apache&cver=112&man=Datacvr&cid=da-DK&l=Kompensationsblanket&t=https%3A%2F%2Fdatacvr.virk.dk%2Fdata%2Fvisninger%3Fbranche%3D%26language%3Dda%26ophoert%3Dnull%26oprettet%3Dnull%26soeg%3D%26type%3Dundefined> from <GET https://datacvr.virk.dk/data/visninger?soeg=&oprettet=null&ophoert=null&branche=&type=undefined&language=da>
2021-12-05 22:08:06 [scrapy.downloadermiddlewares.redirect] DEBUG:  Redirecting (302) to <GET https://datacvr.virk.dk/data/visninger?branche=&language=da&ophoert=null&oprettet=null&soeg=&type=undefined&queueittoken=e_loadbalancer~q_ef8760a8-5dd4-4c68-92a7-b51bfa1235bd~ts_1638731466~ce_true~rt_safetynet~h_09bc491d54a1488738ad14c3c761569679b8af2625597184f0bdb059eaf3726a> from <GET https://virk.queue-it.net/?c=virk&e=loadbalancer&ver=v3-lua-3.6.1&kupver=Apache&cver=112&man=Datacvr&cid=da-DK&l=Kompensationsblanket&t=https%3A%2F%2Fdatacvr.virk.dk%2Fdata%2Fvisninger%3Fbranche%3D%26language%3Dda%26ophoert%3Dnull%26oprettet%3Dnull%26soeg%3D%26type%3Dundefined>
2021-12-05 22:08:06 [scrapy.downloadermiddlewares.redirect] DEBUG:  Redirecting (302) to <GET https://datacvr.virk.dk/data/visninger?branche=&language=da&ophoert=null&oprettet=null&soeg=&type=undefined> from <GET https://datacvr.virk.dk/data/visninger?branche=&language=da&ophoert=null&oprettet=null&soeg=&type=undefined&queueittoken=e_loadbalancer~q_ef8760a8-5dd4-4c68-92a7-b51bfa1235bd~ts_1638731466~ce_true~rt_safetynet~h_09bc491d54a1488738ad14c3c761569679b8af2625597184f0bdb059eaf3726a>
2021-12-05 22:08:08 [scrapy.core.engine] DEBUG:  Crawled (200) <GET https://datacvr.virk.dk/data/visninger?branche=&language=da&ophoert=null&oprettet=null&soeg=&type=undefined> (referer: None)
2021-12-05 22:08:09 [scrapy.core.engine] DEBUG:  Crawled (200) <GET https://datacvr.virk.dk/data/visenhed?enhedstype=virksomhed&id=26211638&type=undefined&language=da> (referer: https://datacvr.virk.dk/data/visninger?branche=&language=da&ophoert=null&oprettet=null&soeg=&type=undefined)
2021-12-05 22:08:09 [scrapy.core.engine] DEBUG:  Crawled (200) <GET https://datacvr.virk.dk/data/visenhed?enhedstype=virksomhed&id=38502131&type=undefined&language=da> (referer: https://datacvr.virk.dk/data/visninger?branche=&language=da&ophoert=null&oprettet=null&soeg=&type=undefined)
2021-12-05 22:08:09 [scrapy.core.engine] DEBUG:  Crawled (200) <GET https://datacvr.virk.dk/data/visenhed?enhedstype=virksomhed&id=42640247&type=undefined&language=da> (referer: https://datacvr.virk.dk/data/visninger?branche=&language=da&ophoert=null&oprettet=null&soeg=&type=undefined)
2021-12-05 22:08:09 [scrapy.core.engine] DEBUG:  Crawled (200) <GET https://datacvr.virk.dk/data/visenhed?enhedstype=virksomhed&id=36716584&type=undefined&language=da> (referer: https://datacvr.virk.dk/data/visninger?branche=&language=da&ophoert=null&oprettet=null&soeg=&type=undefined)
2021-12-05 22:08:09 [scrapy.core.scraper] ERROR:  Spider error processing <GET https://datacvr.virk.dk/data/visenhed?enhedstype=virksomhed&id=26211638&type=undefined&language=da> (referer: https://datacvr.virk.dk/data/visninger?branche=&language=da&ophoert=null&oprettet=null&soeg=&type=undefined)
Traceback (most recent call last):
  File "c:\users\amira\pycharmprojects\scrapytask\venv\lib\site-packages\scrapy\utils\defer.py", line 120, in iter_errback
    yield next(it)
  File "c:\users\amira\pycharmprojects\scrapytask\venv\lib\site-packages\scrapy\utils\python.py", line 353, in __next__
    return next(self.data)
  File "c:\users\amira\pycharmprojects\scrapytask\venv\lib\site-packages\scrapy\utils\python.py", line 353, in __next__
    return next(self.data)
  File "c:\users\amira\pycharmprojects\scrapytask\venv\lib\site-packages\scrapy\core\spidermw.py", line 56, in _evaluate_iterable
    for r in iterable:
  File "c:\users\amira\pycharmprojects\scrapytask\venv\lib\site-packages\scrapy\spidermiddlewares\offsite.py", line 29, in process_spider_output
    for x in result:
  File "c:\users\amira\pycharmprojects\scrapytask\venv\lib\site-packages\scrapy\core\spidermw.py", line 56, in _evaluate_iterable
    for r in iterable:
  File "c:\users\amira\pycharmprojects\scrapytask\venv\lib\site-packages\scrapy\spidermiddlewares\referer.py", line 342, in <genexpr>
    return (_set_referer(r) for r in result or ())
  File "c:\users\amira\pycharmprojects\scrapytask\venv\lib\site-packages\scrapy\core\spidermw.py", line 56, in _evaluate_iterable
    for r in iterable:
  File "c:\users\amira\pycharmprojects\scrapytask\venv\lib\site-packages\scrapy\spidermiddlewares\urllength.py", line 40, in <genexpr>
    return (r for r in result or () if _filter(r))
  File "c:\users\amira\pycharmprojects\scrapytask\venv\lib\site-packages\scrapy\core\spidermw.py", line 56, in _evaluate_iterable
    for r in iterable:
  File "c:\users\amira\pycharmprojects\scrapytask\venv\lib\site-packages\scrapy\spidermiddlewares\depth.py", line 58, in <genexpr>
    return (r for r in result or () if _filter(r))
  File "c:\users\amira\pycharmprojects\scrapytask\venv\lib\site-packages\scrapy\core\spidermw.py", line 56, in _evaluate_iterable
    for r in iterable:
  File "C:\Users\amira\PycharmProjects\ScrapyTask\comps_scraper\comps_scraper\spiders\bus_info_spider.py", line 48, in parse_data
    b_item['act_code_desc'] = take_2nd(bus_info.css('.dataraekker:nth-child(2) .col-sm-8::text').get())
  File "C:\Users\amira\PycharmProjects\ScrapyTask\comps_scraper\comps_scraper\spiders\mytools.py", line 12, in take_2nd
    return value[1]
IndexError: list index out of range
2021-12-05 22:08:09 [scrapy.core.scraper] ERROR:  Spider error processing <GET https://datacvr.virk.dk/data/visenhed?enhedstype=virksomhed&id=38502131&type=undefined&language=da> (referer: https://datacvr.virk.dk/data/visninger?branche=&language=da&ophoert=null&oprettet=null&soeg=&type=undefined)
Traceback (most recent call last):
  File "c:\users\amira\pycharmprojects\scrapytask\venv\lib\site-packages\scrapy\utils\defer.py", line 120, in iter_errback
    yield next(it)
  File "c:\users\amira\pycharmprojects\scrapytask\venv\lib\site-packages\scrapy\utils\python.py", line 353, in __next__
    return next(self.data)
  File "c:\users\amira\pycharmprojects\scrapytask\venv\lib\site-packages\scrapy\utils\python.py", line 353, in __next__
    return next(self.data)
  File "c:\users\amira\pycharmprojects\scrapytask\venv\lib\site-packages\scrapy\core\spidermw.py", line 56, in _evaluate_iterable
    for r in iterable:
  File "c:\users\amira\pycharmprojects\scrapytask\venv\lib\site-packages\scrapy\spidermiddlewares\offsite.py", line 29, in process_spider_output
    for x in result:
  File "c:\users\amira\pycharmprojects\scrapytask\venv\lib\site-packages\scrapy\core\spidermw.py", line 56, in _evaluate_iterable
    for r in iterable:
  File "c:\users\amira\pycharmprojects\scrapytask\venv\lib\site-packages\scrapy\spidermiddlewares\referer.py", line 342, in <genexpr>
    return (_set_referer(r) for r in result or ())
  File "c:\users\amira\pycharmprojects\scrapytask\venv\lib\site-packages\scrapy\core\spidermw.py", line 56, in _evaluate_iterable
    for r in iterable:
  File "c:\users\amira\pycharmprojects\scrapytask\venv\lib\site-packages\scrapy\spidermiddlewares\urllength.py", line 40, in <genexpr>
    return (r for r in result or () if _filter(r))
  File "c:\users\amira\pycharmprojects\scrapytask\venv\lib\site-packages\scrapy\core\spidermw.py", line 56, in _evaluate_iterable
    for r in iterable:
  File "c:\users\amira\pycharmprojects\scrapytask\venv\lib\site-packages\scrapy\spidermiddlewares\depth.py", line 58, in <genexpr>
    return (r for r in result or () if _filter(r))
  File "c:\users\amira\pycharmprojects\scrapytask\venv\lib\site-packages\scrapy\core\spidermw.py", line 56, in _evaluate_iterable
    for r in iterable:
  File "C:\Users\amira\PycharmProjects\ScrapyTask\comps_scraper\comps_scraper\spiders\bus_info_spider.py", line 48, in parse_data
    b_item['act_code_desc'] = take_2nd(bus_info.css('.dataraekker:nth-child(2) .col-sm-8::text').get())
  File "C:\Users\amira\PycharmProjects\ScrapyTask\comps_scraper\comps_scraper\spiders\mytools.py", line 12, in take_2nd
    return value[1]
IndexError: list index out of range
2021-12-05 22:08:10 [scrapy.core.engine] DEBUG:  Crawled (200) <GET https://datacvr.virk.dk/data/visenhed?enhedstype=virksomhed&id=31189330&type=undefined&language=da> (referer: https://datacvr.virk.dk/data/visninger?branche=&language=da&ophoert=null&oprettet=null&soeg=&type=undefined)
2021-12-05 22:08:10 [scrapy.core.engine] DEBUG:  Crawled (200) <GET https://datacvr.virk.dk/data/visenhed?enhedstype=virksomhed&id=29785600&type=undefined&language=da> (referer: https://datacvr.virk.dk/data/visninger?branche=&language=da&ophoert=null&oprettet=null&soeg=&type=undefined)
2021-12-05 22:08:10 [scrapy.core.engine] DEBUG:  Crawled (200) <GET https://datacvr.virk.dk/data/visenhed?enhedstype=virksomhed&id=37895237&type=undefined&language=da> (referer: https://datacvr.virk.dk/data/visninger?branche=&language=da&ophoert=null&oprettet=null&soeg=&type=undefined)
2021-12-05 22:08:10 [scrapy.core.engine] DEBUG:  Crawled (200) <GET https://datacvr.virk.dk/data/visninger?page=2&branche=&language=da&ophoert=null&oprettet=null&soeg=&type=undefined> (referer: https://datacvr.virk.dk/data/visninger?branche=&language=da&ophoert=null&oprettet=null&soeg=&type=undefined)
2021-12-05 22:08:10 [scrapy.core.scraper] ERROR:  Spider error processing <GET https://datacvr.virk.dk/data/visenhed?enhedstype=virksomhed&id=36716584&type=undefined&language=da> (referer: https://datacvr.virk.dk/data/visninger?branche=&language=da&ophoert=null&oprettet=null&soeg=&type=undefined)
Traceback (most recent call last):
  File "c:\users\amira\pycharmprojects\scrapytask\venv\lib\site-packages\scrapy\utils\defer.py", line 120, in iter_errback
    yield next(it)
  File "c:\users\amira\pycharmprojects\scrapytask\venv\lib\site-packages\scrapy\utils\python.py", line 353, in __next__
    return next(self.data)
  File "c:\users\amira\pycharmprojects\scrapytask\venv\lib\site-packages\scrapy\utils\python.py", line 353, in __next__
    return next(self.data)
  File "c:\users\amira\pycharmprojects\scrapytask\venv\lib\site-packages\scrapy\core\spidermw.py", line 56, in _evaluate_iterable
    for r in iterable:
  File "c:\users\amira\pycharmprojects\scrapytask\venv\lib\site-packages\scrapy\spidermiddlewares\offsite.py", line 29, in process_spider_output
    for x in result:
  File "c:\users\amira\pycharmprojects\scrapytask\venv\lib\site-packages\scrapy\core\spidermw.py", line 56, in _evaluate_iterable
    for r in iterable:
  File "c:\users\amira\pycharmprojects\scrapytask\venv\lib\site-packages\scrapy\spidermiddlewares\referer.py", line 342, in <genexpr>
    return (_set_referer(r) for r in result or ())
  File "c:\users\amira\pycharmprojects\scrapytask\venv\lib\site-packages\scrapy\core\spidermw.py", line 56, in _evaluate_iterable
    for r in iterable:
  File "c:\users\amira\pycharmprojects\scrapytask\venv\lib\site-packages\scrapy\spidermiddlewares\urllength.py", line 40, in <genexpr>
    return (r for r in result or () if _filter(r))
  File "c:\users\amira\pycharmprojects\scrapytask\venv\lib\site-packages\scrapy\core\spidermw.py", line 56, in _evaluate_iterable
    for r in iterable:
  File "c:\users\amira\pycharmprojects\scrapytask\venv\lib\site-packages\scrapy\spidermiddlewares\depth.py", line 58, in <genexpr>
    return (r for r in result or () if _filter(r))
  File "c:\users\amira\pycharmprojects\scrapytask\venv\lib\site-packages\scrapy\core\spidermw.py", line 56, in _evaluate_iterable
    for r in iterable:
  File "C:\Users\amira\PycharmProjects\ScrapyTask\comps_scraper\comps_scraper\spiders\bus_info_spider.py", line 48, in parse_data
    b_item['act_code_desc'] = take_2nd(bus_info.css('.dataraekker:nth-child(2) .col-sm-8::text').get())
  File "C:\Users\amira\PycharmProjects\ScrapyTask\comps_scraper\comps_scraper\spiders\mytools.py", line 12, in take_2nd
    return value[1]
IndexError: list index out of range
2021-12-05 22:08:10 [scrapy.core.scraper] ERROR:  Spider error processing <GET https://datacvr.virk.dk/data/visenhed?enhedstype=virksomhed&id=31189330&type=undefined&language=da> (referer: https://datacvr.virk.dk/data/visninger?branche=&language=da&ophoert=null&oprettet=null&soeg=&type=undefined)
Traceback (most recent call last):
  File "c:\users\amira\pycharmprojects\scrapytask\venv\lib\site-packages\scrapy\utils\defer.py", line 120, in iter_errback
    yield next(it)
  File "c:\users\amira\pycharmprojects\scrapytask\venv\lib\site-packages\scrapy\utils\python.py", line 353, in __next__
    return next(self.data)
  File "c:\users\amira\pycharmprojects\scrapytask\venv\lib\site-packages\scrapy\utils\python.py", line 353, in __next__
    return next(self.data)
  File "c:\users\amira\pycharmprojects\scrapytask\venv\lib\site-packages\scrapy\core\spidermw.py", line 56, in _evaluate_iterable
    for r in iterable:
  File "c:\users\amira\pycharmprojects\scrapytask\venv\lib\site-packages\scrapy\spidermiddlewares\offsite.py", line 29, in process_spider_output
    for x in result:
  File "c:\users\amira\pycharmprojects\scrapytask\venv\lib\site-packages\scrapy\core\spidermw.py", line 56, in _evaluate_iterable
    for r in iterable:
  File "c:\users\amira\pycharmprojects\scrapytask\venv\lib\site-packages\scrapy\spidermiddlewares\referer.py", line 342, in <genexpr>
    return (_set_referer(r) for r in result or ())
  File "c:\users\amira\pycharmprojects\scrapytask\venv\lib\site-packages\scrapy\core\spidermw.py", line 56, in _evaluate_iterable
    for r in iterable:
  File "c:\users\amira\pycharmprojects\scrapytask\venv\lib\site-packages\scrapy\spidermiddlewares\urllength.py", line 40, in <genexpr>
    return (r for r in result or () if _filter(r))
  File "c:\users\amira\pycharmprojects\scrapytask\venv\lib\site-packages\scrapy\core\spidermw.py", line 56, in _evaluate_iterable
    for r in iterable:
  File "c:\users\amira\pycharmprojects\scrapytask\venv\lib\site-packages\scrapy\spidermiddlewares\depth.py", line 58, in <genexpr>
    return (r for r in result or () if _filter(r))
  File "c:\users\amira\pycharmprojects\scrapytask\venv\lib\site-packages\scrapy\core\spidermw.py", line 56, in _evaluate_iterable
    for r in iterable:
  File "C:\Users\amira\PycharmProjects\ScrapyTask\comps_scraper\comps_scraper\spiders\bus_info_spider.py", line 46, in parse_data
    b_item['municipality'] = rm_space(bus_info.css('.dataraekker:nth-child(1) .col-sm-8::text').get())
  File "C:\Users\amira\PycharmProjects\ScrapyTask\comps_scraper\comps_scraper\spiders\mytools.py", line 3, in rm_space
    if value[0] == ' ':
IndexError: string index out of range
2021-12-05 22:08:10 [scrapy.core.scraper] ERROR:  Spider error processing <GET https://datacvr.virk.dk/data/visenhed?enhedstype=virksomhed&id=37895237&type=undefined&language=da> (referer: https://datacvr.virk.dk/data/visninger?branche=&language=da&ophoert=null&oprettet=null&soeg=&type=undefined)
Traceback (most recent call last):
  File "c:\users\amira\pycharmprojects\scrapytask\venv\lib\site-packages\scrapy\utils\defer.py", line 120, in iter_errback
    yield next(it)
  File "c:\users\amira\pycharmprojects\scrapytask\venv\lib\site-packages\scrapy\utils\python.py", line 353, in __next__
    return next(self.data)
  File "c:\users\amira\pycharmprojects\scrapytask\venv\lib\site-packages\scrapy\utils\python.py", line 353, in __next__
    return next(self.data)
  File "c:\users\amira\pycharmprojects\scrapytask\venv\lib\site-packages\scrapy\core\spidermw.py", line 56, in _evaluate_iterable
    for r in iterable:
  File "c:\users\amira\pycharmprojects\scrapytask\venv\lib\site-packages\scrapy\spidermiddlewares\offsite.py", line 29, in process_spider_output
    for x in result:
  File "c:\users\amira\pycharmprojects\scrapytask\venv\lib\site-packages\scrapy\core\spidermw.py", line 56, in _evaluate_iterable
    for r in iterable:
  File "c:\users\amira\pycharmprojects\scrapytask\venv\lib\site-packages\scrapy\spidermiddlewares\referer.py", line 342, in <genexpr>
    return (_set_referer(r) for r in result or ())
  File "c:\users\amira\pycharmprojects\scrapytask\venv\lib\site-packages\scrapy\core\spidermw.py", line 56, in _evaluate_iterable
    for r in iterable:
  File "c:\users\amira\pycharmprojects\scrapytask\venv\lib\site-packages\scrapy\spidermiddlewares\urllength.py", line 40, in <genexpr>
    return (r for r in result or () if _filter(r))
  File "c:\users\amira\pycharmprojects\scrapytask\venv\lib\site-packages\scrapy\core\spidermw.py", line 56, in _evaluate_iterable
    for r in iterable:
  File "c:\users\amira\pycharmprojects\scrapytask\venv\lib\site-packages\scrapy\spidermiddlewares\depth.py", line 58, in <genexpr>
    return (r for r in result or () if _filter(r))
  File "c:\users\amira\pycharmprojects\scrapytask\venv\lib\site-packages\scrapy\core\spidermw.py", line 56, in _evaluate_iterable
    for r in iterable:
  File "C:\Users\amira\PycharmProjects\ScrapyTask\comps_scraper\comps_scraper\spiders\bus_info_spider.py", line 46, in parse_data
    b_item['municipality'] = rm_space(bus_info.css('.dataraekker:nth-child(1) .col-sm-8::text').get())
  File "C:\Users\amira\PycharmProjects\ScrapyTask\comps_scraper\comps_scraper\spiders\mytools.py", line 3, in rm_space
    if value[0] == ' ':
IndexError: string index out of range
2021-12-05 22:08:10 [scrapy.core.engine] DEBUG:  Crawled (200) <GET https://datacvr.virk.dk/data/visenhed?enhedstype=virksomhed&id=38582070&type=undefined&language=da> (referer: https://datacvr.virk.dk/data/visninger?branche=&language=da&ophoert=null&oprettet=null&soeg=&type=undefined)
2021-12-05 22:08:10 [scrapy.core.engine] DEBUG:  Crawled (200) <GET https://datacvr.virk.dk/data/visenhed?enhedstype=virksomhed&id=42776610&type=undefined&language=da> (referer: https://datacvr.virk.dk/data/visninger?branche=&language=da&ophoert=null&oprettet=null&soeg=&type=undefined)
2021-12-05 22:08:10 [scrapy.core.scraper] ERROR:  Spider error processing <GET https://datacvr.virk.dk/data/visenhed?enhedstype=virksomhed&id=42776610&type=undefined&language=da> (referer: https://datacvr.virk.dk/data/visninger?branche=&language=da&ophoert=null&oprettet=null&soeg=&type=undefined)
Traceback (most recent call last):
  File "c:\users\amira\pycharmprojects\scrapytask\venv\lib\site-packages\scrapy\utils\defer.py", line 120, in iter_errback
    yield next(it)
  File "c:\users\amira\pycharmprojects\scrapytask\venv\lib\site-packages\scrapy\utils\python.py", line 353, in __next__
    return next(self.data)
  File "c:\users\amira\pycharmprojects\scrapytask\venv\lib\site-packages\scrapy\utils\python.py", line 353, in __next__
    return next(self.data)
  File "c:\users\amira\pycharmprojects\scrapytask\venv\lib\site-packages\scrapy\core\spidermw.py", line 56, in _evaluate_iterable
    for r in iterable:
  File "c:\users\amira\pycharmprojects\scrapytask\venv\lib\site-packages\scrapy\spidermiddlewares\offsite.py", line 29, in process_spider_output
    for x in result:
  File "c:\users\amira\pycharmprojects\scrapytask\venv\lib\site-packages\scrapy\core\spidermw.py", line 56, in _evaluate_iterable
    for r in iterable:
  File "c:\users\amira\pycharmprojects\scrapytask\venv\lib\site-packages\scrapy\spidermiddlewares\referer.py", line 342, in <genexpr>
    return (_set_referer(r) for r in result or ())
  File "c:\users\amira\pycharmprojects\scrapytask\venv\lib\site-packages\scrapy\core\spidermw.py", line 56, in _evaluate_iterable
    for r in iterable:
  File "c:\users\amira\pycharmprojects\scrapytask\venv\lib\site-packages\scrapy\spidermiddlewares\urllength.py", line 40, in <genexpr>
    return (r for r in result or () if _filter(r))
  File "c:\users\amira\pycharmprojects\scrapytask\venv\lib\site-packages\scrapy\core\spidermw.py", line 56, in _evaluate_iterable
    for r in iterable:
  File "c:\users\amira\pycharmprojects\scrapytask\venv\lib\site-packages\scrapy\spidermiddlewares\depth.py", line 58, in <genexpr>
    return (r for r in result or () if _filter(r))
  File "c:\users\amira\pycharmprojects\scrapytask\venv\lib\site-packages\scrapy\core\spidermw.py", line 56, in _evaluate_iterable
    for r in iterable:
  File "C:\Users\amira\PycharmProjects\ScrapyTask\comps_scraper\comps_scraper\spiders\bus_info_spider.py", line 48, in parse_data
    b_item['act_code_desc'] = take_2nd(bus_info.css('.dataraekker:nth-child(2) .col-sm-8::text').get())
  File "C:\Users\amira\PycharmProjects\ScrapyTask\comps_scraper\comps_scraper\spiders\mytools.py", line 12, in take_2nd
    return value[1]
IndexError: list index out of range
2021-12-05 22:08:11 [scrapy.core.engine] DEBUG:  Crawled (200) <GET https://datacvr.virk.dk/data/visenhed?enhedstype=virksomhed&id=36562293&type=undefined&language=da> (referer: https://datacvr.virk.dk/data/visninger?branche=&language=da&ophoert=null&oprettet=null&soeg=&type=undefined)
2021-12-05 22:08:11 [scrapy.core.engine] DEBUG:  Crawled (200) <GET https://datacvr.virk.dk/data/visenhed?enhedstype=virksomhed&id=42078298&type=undefined&language=da&page=2> (referer: https://datacvr.virk.dk/data/visninger?page=2&branche=&language=da&ophoert=null&oprettet=null&soeg=&type=undefined)
2021-12-05 22:08:11 [scrapy.core.engine] DEBUG:  Crawled (200) <GET https://datacvr.virk.dk/data/visenhed?enhedstype=virksomhed&id=32335497&type=undefined&language=da&page=2> (referer: https://datacvr.virk.dk/data/visninger?page=2&branche=&language=da&ophoert=null&oprettet=null&soeg=&type=undefined)
2021-12-05 22:08:11 [scrapy.core.engine] DEBUG:  Crawled (200) <GET https://datacvr.virk.dk/data/visenhed?enhedstype=virksomhed&id=40123253&type=undefined&language=da&page=2> (referer: https://datacvr.virk.dk/data/visninger?page=2&branche=&language=da&ophoert=null&oprettet=null&soeg=&type=undefined)
2021-12-05 22:08:11 [scrapy.core.engine] DEBUG:  Crawled (200) <GET https://datacvr.virk.dk/data/visenhed?enhedstype=virksomhed&id=38233343&type=undefined&language=da&page=2> (referer: https://datacvr.virk.dk/data/visninger?page=2&branche=&language=da&ophoert=null&oprettet=null&soeg=&type=undefined)
2021-12-05 22:08:11 [scrapy.core.engine] DEBUG:  Crawled (200) <GET https://datacvr.virk.dk/data/visenhed?enhedstype=virksomhed&id=42858633&type=undefined&language=da&page=2> (referer: https://datacvr.virk.dk/data/visninger?page=2&branche=&language=da&ophoert=null&oprettet=null&soeg=&type=undefined)
2021-12-05 22:08:11 [scrapy.core.scraper] ERROR:  Spider error processing <GET https://datacvr.virk.dk/data/visenhed?enhedstype=virksomhed&id=40123253&type=undefined&language=da&page=2> (referer: https://datacvr.virk.dk/data/visninger?page=2&branche=&language=da&ophoert=null&oprettet=null&soeg=&type=undefined)
Traceback (most recent call last):
  File "c:\users\amira\pycharmprojects\scrapytask\venv\lib\site-packages\scrapy\utils\defer.py", line 120, in iter_errback
    yield next(it)
  File "c:\users\amira\pycharmprojects\scrapytask\venv\lib\site-packages\scrapy\utils\python.py", line 353, in __next__
    return next(self.data)
  File "c:\users\amira\pycharmprojects\scrapytask\venv\lib\site-packages\scrapy\utils\python.py", line 353, in __next__
    return next(self.data)
  File "c:\users\amira\pycharmprojects\scrapytask\venv\lib\site-packages\scrapy\core\spidermw.py", line 56, in _evaluate_iterable
    for r in iterable:
  File "c:\users\amira\pycharmprojects\scrapytask\venv\lib\site-packages\scrapy\spidermiddlewares\offsite.py", line 29, in process_spider_output
    for x in result:
  File "c:\users\amira\pycharmprojects\scrapytask\venv\lib\site-packages\scrapy\core\spidermw.py", line 56, in _evaluate_iterable
    for r in iterable:
  File "c:\users\amira\pycharmprojects\scrapytask\venv\lib\site-packages\scrapy\spidermiddlewares\referer.py", line 342, in <genexpr>
    return (_set_referer(r) for r in result or ())
  File "c:\users\amira\pycharmprojects\scrapytask\venv\lib\site-packages\scrapy\core\spidermw.py", line 56, in _evaluate_iterable
    for r in iterable:
  File "c:\users\amira\pycharmprojects\scrapytask\venv\lib\site-packages\scrapy\spidermiddlewares\urllength.py", line 40, in <genexpr>
    return (r for r in result or () if _filter(r))
  File "c:\users\amira\pycharmprojects\scrapytask\venv\lib\site-packages\scrapy\core\spidermw.py", line 56, in _evaluate_iterable
    for r in iterable:
  File "c:\users\amira\pycharmprojects\scrapytask\venv\lib\site-packages\scrapy\spidermiddlewares\depth.py", line 58, in <genexpr>
    return (r for r in result or () if _filter(r))
  File "c:\users\amira\pycharmprojects\scrapytask\venv\lib\site-packages\scrapy\core\spidermw.py", line 56, in _evaluate_iterable
    for r in iterable:
  File "C:\Users\amira\PycharmProjects\ScrapyTask\comps_scraper\comps_scraper\spiders\bus_info_spider.py", line 48, in parse_data
    b_item['act_code_desc'] = take_2nd(bus_info.css('.dataraekker:nth-child(2) .col-sm-8::text').get())
  File "C:\Users\amira\PycharmProjects\ScrapyTask\comps_scraper\comps_scraper\spiders\mytools.py", line 12, in take_2nd
    return value[1]
IndexError: list index out of range
2021-12-05 22:08:11 [scrapy.core.scraper] ERROR:  Spider error processing <GET https://datacvr.virk.dk/data/visenhed?enhedstype=virksomhed&id=38233343&type=undefined&language=da&page=2> (referer: https://datacvr.virk.dk/data/visninger?page=2&branche=&language=da&ophoert=null&oprettet=null&soeg=&type=undefined)
Traceback (most recent call last):
  File "c:\users\amira\pycharmprojects\scrapytask\venv\lib\site-packages\scrapy\utils\defer.py", line 120, in iter_errback
    yield next(it)
  File "c:\users\amira\pycharmprojects\scrapytask\venv\lib\site-packages\scrapy\utils\python.py", line 353, in __next__
    return next(self.data)
  File "c:\users\amira\pycharmprojects\scrapytask\venv\lib\site-packages\scrapy\utils\python.py", line 353, in __next__
    return next(self.data)
  File "c:\users\amira\pycharmprojects\scrapytask\venv\lib\site-packages\scrapy\core\spidermw.py", line 56, in _evaluate_iterable
    for r in iterable:
  File "c:\users\amira\pycharmprojects\scrapytask\venv\lib\site-packages\scrapy\spidermiddlewares\offsite.py", line 29, in process_spider_output
    for x in result:
  File "c:\users\amira\pycharmprojects\scrapytask\venv\lib\site-packages\scrapy\core\spidermw.py", line 56, in _evaluate_iterable
    for r in iterable:
  File "c:\users\amira\pycharmprojects\scrapytask\venv\lib\site-packages\scrapy\spidermiddlewares\referer.py", line 342, in <genexpr>
    return (_set_referer(r) for r in result or ())
  File "c:\users\amira\pycharmprojects\scrapytask\venv\lib\site-packages\scrapy\core\spidermw.py", line 56, in _evaluate_iterable
    for r in iterable:
  File "c:\users\amira\pycharmprojects\scrapytask\venv\lib\site-packages\scrapy\spidermiddlewares\urllength.py", line 40, in <genexpr>
    return (r for r in result or () if _filter(r))
  File "c:\users\amira\pycharmprojects\scrapytask\venv\lib\site-packages\scrapy\core\spidermw.py", line 56, in _evaluate_iterable
    for r in iterable:
  File "c:\users\amira\pycharmprojects\scrapytask\venv\lib\site-packages\scrapy\spidermiddlewares\depth.py", line 58, in <genexpr>
    return (r for r in result or () if _filter(r))
  File "c:\users\amira\pycharmprojects\scrapytask\venv\lib\site-packages\scrapy\core\spidermw.py", line 56, in _evaluate_iterable
    for r in iterable:
  File "C:\Users\amira\PycharmProjects\ScrapyTask\comps_scraper\comps_scraper\spiders\bus_info_spider.py", line 48, in parse_data
    b_item['act_code_desc'] = take_2nd(bus_info.css('.dataraekker:nth-child(2) .col-sm-8::text').get())
  File "C:\Users\amira\PycharmProjects\ScrapyTask\comps_scraper\comps_scraper\spiders\mytools.py", line 12, in take_2nd
    return value[1]
IndexError: list index out of range
2021-12-05 22:08:12 [scrapy.core.engine] DEBUG:  Crawled (200) <GET https://datacvr.virk.dk/data/visenhed?enhedstype=virksomhed&id=40180540&type=undefined&language=da&page=2> (referer: https://datacvr.virk.dk/data/visninger?page=2&branche=&language=da&ophoert=null&oprettet=null&soeg=&type=undefined)
2021-12-05 22:08:12 [scrapy.core.engine] DEBUG:  Crawled (200) <GET https://datacvr.virk.dk/data/visenhed?enhedstype=virksomhed&id=38172476&type=undefined&language=da&page=2> (referer: https://datacvr.virk.dk/data/visninger?page=2&branche=&language=da&ophoert=null&oprettet=null&soeg=&type=undefined)
2021-12-05 22:08:12 [scrapy.core.engine] DEBUG:  Crawled (200) <GET https://datacvr.virk.dk/data/visenhed?enhedstype=virksomhed&id=42370134&type=undefined&language=da&page=2> (referer: https://datacvr.virk.dk/data/visninger?page=2&branche=&language=da&ophoert=null&oprettet=null&soeg=&type=undefined)
2021-12-05 22:08:12 [scrapy.core.scraper] ERROR:  Spider error processing <GET https://datacvr.virk.dk/data/visenhed?enhedstype=virksomhed&id=42370134&type=undefined&language=da&page=2> (referer: https://datacvr.virk.dk/data/visninger?page=2&branche=&language=da&ophoert=null&oprettet=null&soeg=&type=undefined)
Traceback (most recent call last):
  File "c:\users\amira\pycharmprojects\scrapytask\venv\lib\site-packages\scrapy\utils\defer.py", line 120, in iter_errback
    yield next(it)
  File "c:\users\amira\pycharmprojects\scrapytask\venv\lib\site-packages\scrapy\utils\python.py", line 353, in __next__
    return next(self.data)
  File "c:\users\amira\pycharmprojects\scrapytask\venv\lib\site-packages\scrapy\utils\python.py", line 353, in __next__
    return next(self.data)
  File "c:\users\amira\pycharmprojects\scrapytask\venv\lib\site-packages\scrapy\core\spidermw.py", line 56, in _evaluate_iterable
    for r in iterable:
  File "c:\users\amira\pycharmprojects\scrapytask\venv\lib\site-packages\scrapy\spidermiddlewares\offsite.py", line 29, in process_spider_output
    for x in result:
  File "c:\users\amira\pycharmprojects\scrapytask\venv\lib\site-packages\scrapy\core\spidermw.py", line 56, in _evaluate_iterable
    for r in iterable:
  File "c:\users\amira\pycharmprojects\scrapytask\venv\lib\site-packages\scrapy\spidermiddlewares\referer.py", line 342, in <genexpr>
    return (_set_referer(r) for r in result or ())
  File "c:\users\amira\pycharmprojects\scrapytask\venv\lib\site-packages\scrapy\core\spidermw.py", line 56, in _evaluate_iterable
    for r in iterable:
  File "c:\users\amira\pycharmprojects\scrapytask\venv\lib\site-packages\scrapy\spidermiddlewares\urllength.py", line 40, in <genexpr>
    return (r for r in result or () if _filter(r))
  File "c:\users\amira\pycharmprojects\scrapytask\venv\lib\site-packages\scrapy\core\spidermw.py", line 56, in _evaluate_iterable
    for r in iterable:
  File "c:\users\amira\pycharmprojects\scrapytask\venv\lib\site-packages\scrapy\spidermiddlewares\depth.py", line 58, in <genexpr>
    return (r for r in result or () if _filter(r))
  File "c:\users\amira\pycharmprojects\scrapytask\venv\lib\site-packages\scrapy\core\spidermw.py", line 56, in _evaluate_iterable
    for r in iterable:
  File "C:\Users\amira\PycharmProjects\ScrapyTask\comps_scraper\comps_scraper\spiders\bus_info_spider.py", line 46, in parse_data
    b_item['municipality'] = rm_space(bus_info.css('.dataraekker:nth-child(1) .col-sm-8::text').get())
  File "C:\Users\amira\PycharmProjects\ScrapyTask\comps_scraper\comps_scraper\spiders\mytools.py", line 3, in rm_space
    if value[0] == ' ':
IndexError: string index out of range
2021-12-05 22:08:12 [scrapy.core.engine] DEBUG:  Crawled (200) <GET https://datacvr.virk.dk/data/visenhed?enhedstype=virksomhed&id=28698186&type=undefined&language=da&page=2> (referer: https://datacvr.virk.dk/data/visninger?page=2&branche=&language=da&ophoert=null&oprettet=null&soeg=&type=undefined)
2021-12-05 22:08:12 [scrapy.core.engine] DEBUG:  Crawled (200) <GET https://datacvr.virk.dk/data/visenhed?enhedstype=virksomhed&id=36411147&type=undefined&language=da&page=2> (referer: https://datacvr.virk.dk/data/visninger?page=2&branche=&language=da&ophoert=null&oprettet=null&soeg=&type=undefined)
2021-12-05 22:08:12 [scrapy.core.scraper] ERROR:  Spider error processing <GET https://datacvr.virk.dk/data/visenhed?enhedstype=virksomhed&id=28698186&type=undefined&language=da&page=2> (referer: https://datacvr.virk.dk/data/visninger?page=2&branche=&language=da&ophoert=null&oprettet=null&soeg=&type=undefined)
Traceback (most recent call last):
  File "c:\users\amira\pycharmprojects\scrapytask\venv\lib\site-packages\scrapy\utils\defer.py", line 120, in iter_errback
    yield next(it)
  File "c:\users\amira\pycharmprojects\scrapytask\venv\lib\site-packages\scrapy\utils\python.py", line 353, in __next__
    return next(self.data)
  File "c:\users\amira\pycharmprojects\scrapytask\venv\lib\site-packages\scrapy\utils\python.py", line 353, in __next__
    return next(self.data)
  File "c:\users\amira\pycharmprojects\scrapytask\venv\lib\site-packages\scrapy\core\spidermw.py", line 56, in _evaluate_iterable
    for r in iterable:
  File "c:\users\amira\pycharmprojects\scrapytask\venv\lib\site-packages\scrapy\spidermiddlewares\offsite.py", line 29, in process_spider_output
    for x in result:
  File "c:\users\amira\pycharmprojects\scrapytask\venv\lib\site-packages\scrapy\core\spidermw.py", line 56, in _evaluate_iterable
    for r in iterable:
  File "c:\users\amira\pycharmprojects\scrapytask\venv\lib\site-packages\scrapy\spidermiddlewares\referer.py", line 342, in <genexpr>
    return (_set_referer(r) for r in result or ())
  File "c:\users\amira\pycharmprojects\scrapytask\venv\lib\site-packages\scrapy\core\spidermw.py", line 56, in _evaluate_iterable
    for r in iterable:
  File "c:\users\amira\pycharmprojects\scrapytask\venv\lib\site-packages\scrapy\spidermiddlewares\urllength.py", line 40, in <genexpr>
    return (r for r in result or () if _filter(r))
  File "c:\users\amira\pycharmprojects\scrapytask\venv\lib\site-packages\scrapy\core\spidermw.py", line 56, in _evaluate_iterable
    for r in iterable:
  File "c:\users\amira\pycharmprojects\scrapytask\venv\lib\site-packages\scrapy\spidermiddlewares\depth.py", line 58, in <genexpr>
    return (r for r in result or () if _filter(r))
  File "c:\users\amira\pycharmprojects\scrapytask\venv\lib\site-packages\scrapy\core\spidermw.py", line 56, in _evaluate_iterable
    for r in iterable:
  File "C:\Users\amira\PycharmProjects\ScrapyTask\comps_scraper\comps_scraper\spiders\bus_info_spider.py", line 48, in parse_data
    b_item['act_code_desc'] = take_2nd(bus_info.css('.dataraekker:nth-child(2) .col-sm-8::text').get())
  File "C:\Users\amira\PycharmProjects\ScrapyTask\comps_scraper\comps_scraper\spiders\mytools.py", line 12, in take_2nd
    return value[1]
IndexError: list index out of range
2021-12-05 22:08:12 [scrapy.core.scraper] ERROR:  Spider error processing <GET https://datacvr.virk.dk/data/visenhed?enhedstype=virksomhed&id=36411147&type=undefined&language=da&page=2> (referer: https://datacvr.virk.dk/data/visninger?page=2&branche=&language=da&ophoert=null&oprettet=null&soeg=&type=undefined)
Traceback (most recent call last):
  File "c:\users\amira\pycharmprojects\scrapytask\venv\lib\site-packages\scrapy\utils\defer.py", line 120, in iter_errback
    yield next(it)
  File "c:\users\amira\pycharmprojects\scrapytask\venv\lib\site-packages\scrapy\utils\python.py", line 353, in __next__
    return next(self.data)
  File "c:\users\amira\pycharmprojects\scrapytask\venv\lib\site-packages\scrapy\utils\python.py", line 353, in __next__
    return next(self.data)
  File "c:\users\amira\pycharmprojects\scrapytask\venv\lib\site-packages\scrapy\core\spidermw.py", line 56, in _evaluate_iterable
    for r in iterable:
  File "c:\users\amira\pycharmprojects\scrapytask\venv\lib\site-packages\scrapy\spidermiddlewares\offsite.py", line 29, in process_spider_output
    for x in result:
  File "c:\users\amira\pycharmprojects\scrapytask\venv\lib\site-packages\scrapy\core\spidermw.py", line 56, in _evaluate_iterable
    for r in iterable:
  File "c:\users\amira\pycharmprojects\scrapytask\venv\lib\site-packages\scrapy\spidermiddlewares\referer.py", line 342, in <genexpr>
    return (_set_referer(r) for r in result or ())
  File "c:\users\amira\pycharmprojects\scrapytask\venv\lib\site-packages\scrapy\core\spidermw.py", line 56, in _evaluate_iterable
    for r in iterable:
  File "c:\users\amira\pycharmprojects\scrapytask\venv\lib\site-packages\scrapy\spidermiddlewares\urllength.py", line 40, in <genexpr>
    return (r for r in result or () if _filter(r))
  File "c:\users\amira\pycharmprojects\scrapytask\venv\lib\site-packages\scrapy\core\spidermw.py", line 56, in _evaluate_iterable
    for r in iterable:
  File "c:\users\amira\pycharmprojects\scrapytask\venv\lib\site-packages\scrapy\spidermiddlewares\depth.py", line 58, in <genexpr>
    return (r for r in result or () if _filter(r))
  File "c:\users\amira\pycharmprojects\scrapytask\venv\lib\site-packages\scrapy\core\spidermw.py", line 56, in _evaluate_iterable
    for r in iterable:
  File "C:\Users\amira\PycharmProjects\ScrapyTask\comps_scraper\comps_scraper\spiders\bus_info_spider.py", line 48, in parse_data
    b_item['act_code_desc'] = take_2nd(bus_info.css('.dataraekker:nth-child(2) .col-sm-8::text').get())
  File "C:\Users\amira\PycharmProjects\ScrapyTask\comps_scraper\comps_scraper\spiders\mytools.py", line 12, in take_2nd
    return value[1]
IndexError: list index out of range
2021-12-05 22:08:12 [scrapy.core.engine] INFO:  Closing spider (finished)
2021-12-05 22:08:12 [scrapy.statscollectors] INFO:  Dumping Scrapy stats:
{'downloader/request_bytes': 17141,
 'downloader/request_count': 25,
 'downloader/request_method_count/GET': 25,
 'downloader/response_bytes': 285754,
 'downloader/response_count': 25,
 'downloader/response_status_count/200': 22,
 'downloader/response_status_count/302': 3,
 'elapsed_time_seconds': 8.069937,
 'finish_reason': 'finished',
 'finish_time': datetime.datetime(2021, 12, 5, 19, 8, 12, 752359),
 'httpcompression/response_bytes': 1603698,
 'httpcompression/response_count': 22,
 'item_scraped_count': 9,
 'log_count/ERROR': 11,
 'log_count/INFO': 10,
 'request_depth_max': 2,
 'response_received_count': 22,
 'scheduler/dequeued': 25,
 'scheduler/dequeued/memory': 25,
 'scheduler/enqueued': 25,
 'scheduler/enqueued/memory': 25,
 'spider_exceptions/IndexError': 11,
 'start_time': datetime.datetime(2021, 12, 5, 19, 8, 4, 682422)}
2021-12-05 22:08:12 [scrapy.core.engine] INFO:  Spider closed (finished)
